<?xml version="1.0" encoding="UTF-8"?>
<!-- Generated by org.testng.reporters.JUnitXMLReporter -->
<testsuite hostname="Sachin-PC" ignored="3" tests="0" failures="0" timestamp="02 Jul 2020 10:22:04 GMT" time="0.019" errors="0">
  <testcase name="tes2" time="0.0" classname="testng.TestNGRetryFailedDemo">
    <ignored/>
  </testcase> <!-- tes2 -->
  <testcase name="test3" time="0.0" classname="testng.TestNGRetryFailedDemo">
    <ignored/>
  </testcase> <!-- test3 -->
  <testcase name="test1" time="0.0" classname="testng.TestNGRetryFailedDemo">
    <ignored/>
  </testcase> <!-- test1 -->
</testsuite>
